Determining if the pthread_create exist failed with the following output:
Change Dir: /home/alexfeng2000/Desktop/tesroomba/build/CMakeFiles/CMakeTmp

Run Build Command:"/usr/bin/make" "cmTC_aba85/fast"
/usr/bin/make -f CMakeFiles/cmTC_aba85.dir/build.make CMakeFiles/cmTC_aba85.dir/build
make[1]: Entering directory '/home/alexfeng2000/Desktop/tesroomba/build/CMakeFiles/CMakeTmp'
Building C object CMakeFiles/cmTC_aba85.dir/CheckSymbolExists.c.o
/usr/bin/cc     -o CMakeFiles/cmTC_aba85.dir/CheckSymbolExists.c.o   -c /home/alexfeng2000/Desktop/tesroomba/build/CMakeFiles/CMakeTmp/CheckSymbolExists.c
Linking C executable cmTC_aba85
/usr/bin/cmake -E cmake_link_script CMakeFiles/cmTC_aba85.dir/link.txt --verbose=1
/usr/bin/cc       CMakeFiles/cmTC_aba85.dir/CheckSymbolExists.c.o  -o cmTC_aba85 -rdynamic 
CMakeFiles/cmTC_aba85.dir/CheckSymbolExists.c.o: In function `main':
CheckSymbolExists.c:(.text+0x16): undefined reference to `pthread_create'
collect2: error: ld returned 1 exit status
CMakeFiles/cmTC_aba85.dir/build.make:97: recipe for target 'cmTC_aba85' failed
make[1]: *** [cmTC_aba85] Error 1
make[1]: Leaving directory '/home/alexfeng2000/Desktop/tesroomba/build/CMakeFiles/CMakeTmp'
Makefile:126: recipe for target 'cmTC_aba85/fast' failed
make: *** [cmTC_aba85/fast] Error 2

File /home/alexfeng2000/Desktop/tesroomba/build/CMakeFiles/CMakeTmp/CheckSymbolExists.c:
/* */
#include <pthread.h>

int main(int argc, char** argv)
{
  (void)argv;
#ifndef pthread_create
  return ((int*)(&pthread_create))[argc];
#else
  (void)argc;
  return 0;
#endif
}

Determining if the function pthread_create exists in the pthreads failed with the following output:
Change Dir: /home/alexfeng2000/Desktop/tesroomba/build/CMakeFiles/CMakeTmp

Run Build Command:"/usr/bin/make" "cmTC_5936c/fast"
/usr/bin/make -f CMakeFiles/cmTC_5936c.dir/build.make CMakeFiles/cmTC_5936c.dir/build
make[1]: Entering directory '/home/alexfeng2000/Desktop/tesroomba/build/CMakeFiles/CMakeTmp'
Building C object CMakeFiles/cmTC_5936c.dir/CheckFunctionExists.c.o
/usr/bin/cc    -DCHECK_FUNCTION_EXISTS=pthread_create   -o CMakeFiles/cmTC_5936c.dir/CheckFunctionExists.c.o   -c /usr/share/cmake-3.5/Modules/CheckFunctionExists.c
Linking C executable cmTC_5936c
/usr/bin/cmake -E cmake_link_script CMakeFiles/cmTC_5936c.dir/link.txt --verbose=1
/usr/bin/cc   -DCHECK_FUNCTION_EXISTS=pthread_create    CMakeFiles/cmTC_5936c.dir/CheckFunctionExists.c.o  -o cmTC_5936c -rdynamic -lpthreads 
/usr/bin/ld: cannot find -lpthreads
collect2: error: ld returned 1 exit status
CMakeFiles/cmTC_5936c.dir/build.make:97: recipe for target 'cmTC_5936c' failed
make[1]: *** [cmTC_5936c] Error 1
make[1]: Leaving directory '/home/alexfeng2000/Desktop/tesroomba/build/CMakeFiles/CMakeTmp'
Makefile:126: recipe for target 'cmTC_5936c/fast' failed
make: *** [cmTC_5936c/fast] Error 2


Determining if the Q_WS_WIN exist failed with the following output:
Change Dir: /home/alexfeng2000/Desktop/tesroomba/build/CMakeFiles/CMakeTmp

Run Build Command:"/usr/bin/make" "cmTC_48cf2/fast"
/usr/bin/make -f CMakeFiles/cmTC_48cf2.dir/build.make CMakeFiles/cmTC_48cf2.dir/build
make[1]: Entering directory '/home/alexfeng2000/Desktop/tesroomba/build/CMakeFiles/CMakeTmp'
Building CXX object CMakeFiles/cmTC_48cf2.dir/CheckSymbolExists.cxx.o
/usr/bin/c++    -I/usr/include/qt4   -o CMakeFiles/cmTC_48cf2.dir/CheckSymbolExists.cxx.o -c /home/alexfeng2000/Desktop/tesroomba/build/CMakeFiles/CMakeTmp/CheckSymbolExists.cxx
/home/alexfeng2000/Desktop/tesroomba/build/CMakeFiles/CMakeTmp/CheckSymbolExists.cxx: In function ‘int main(int, char**)’:
/home/alexfeng2000/Desktop/tesroomba/build/CMakeFiles/CMakeTmp/CheckSymbolExists.cxx:8:19: error: ‘Q_WS_WIN’ was not declared in this scope
   return ((int*)(&Q_WS_WIN))[argc];
                   ^
CMakeFiles/cmTC_48cf2.dir/build.make:65: recipe for target 'CMakeFiles/cmTC_48cf2.dir/CheckSymbolExists.cxx.o' failed
make[1]: *** [CMakeFiles/cmTC_48cf2.dir/CheckSymbolExists.cxx.o] Error 1
make[1]: Leaving directory '/home/alexfeng2000/Desktop/tesroomba/build/CMakeFiles/CMakeTmp'
Makefile:126: recipe for target 'cmTC_48cf2/fast' failed
make: *** [cmTC_48cf2/fast] Error 2

File /home/alexfeng2000/Desktop/tesroomba/build/CMakeFiles/CMakeTmp/CheckSymbolExists.cxx:
/* */
#include <QtCore/qglobal.h>

int main(int argc, char** argv)
{
  (void)argv;
#ifndef Q_WS_WIN
  return ((int*)(&Q_WS_WIN))[argc];
#else
  (void)argc;
  return 0;
#endif
}

Determining if the Q_WS_QWS exist failed with the following output:
Change Dir: /home/alexfeng2000/Desktop/tesroomba/build/CMakeFiles/CMakeTmp

Run Build Command:"/usr/bin/make" "cmTC_ae69c/fast"
/usr/bin/make -f CMakeFiles/cmTC_ae69c.dir/build.make CMakeFiles/cmTC_ae69c.dir/build
make[1]: Entering directory '/home/alexfeng2000/Desktop/tesroomba/build/CMakeFiles/CMakeTmp'
Building CXX object CMakeFiles/cmTC_ae69c.dir/CheckSymbolExists.cxx.o
/usr/bin/c++    -I/usr/include/qt4   -o CMakeFiles/cmTC_ae69c.dir/CheckSymbolExists.cxx.o -c /home/alexfeng2000/Desktop/tesroomba/build/CMakeFiles/CMakeTmp/CheckSymbolExists.cxx
/home/alexfeng2000/Desktop/tesroomba/build/CMakeFiles/CMakeTmp/CheckSymbolExists.cxx: In function ‘int main(int, char**)’:
/home/alexfeng2000/Desktop/tesroomba/build/CMakeFiles/CMakeTmp/CheckSymbolExists.cxx:8:19: error: ‘Q_WS_QWS’ was not declared in this scope
   return ((int*)(&Q_WS_QWS))[argc];
                   ^
CMakeFiles/cmTC_ae69c.dir/build.make:65: recipe for target 'CMakeFiles/cmTC_ae69c.dir/CheckSymbolExists.cxx.o' failed
make[1]: *** [CMakeFiles/cmTC_ae69c.dir/CheckSymbolExists.cxx.o] Error 1
make[1]: Leaving directory '/home/alexfeng2000/Desktop/tesroomba/build/CMakeFiles/CMakeTmp'
Makefile:126: recipe for target 'cmTC_ae69c/fast' failed
make: *** [cmTC_ae69c/fast] Error 2

File /home/alexfeng2000/Desktop/tesroomba/build/CMakeFiles/CMakeTmp/CheckSymbolExists.cxx:
/* */
#include <QtCore/qglobal.h>

int main(int argc, char** argv)
{
  (void)argv;
#ifndef Q_WS_QWS
  return ((int*)(&Q_WS_QWS))[argc];
#else
  (void)argc;
  return 0;
#endif
}

Determining if the Q_WS_MAC exist failed with the following output:
Change Dir: /home/alexfeng2000/Desktop/tesroomba/build/CMakeFiles/CMakeTmp

Run Build Command:"/usr/bin/make" "cmTC_4e756/fast"
/usr/bin/make -f CMakeFiles/cmTC_4e756.dir/build.make CMakeFiles/cmTC_4e756.dir/build
make[1]: Entering directory '/home/alexfeng2000/Desktop/tesroomba/build/CMakeFiles/CMakeTmp'
Building CXX object CMakeFiles/cmTC_4e756.dir/CheckSymbolExists.cxx.o
/usr/bin/c++    -I/usr/include/qt4   -o CMakeFiles/cmTC_4e756.dir/CheckSymbolExists.cxx.o -c /home/alexfeng2000/Desktop/tesroomba/build/CMakeFiles/CMakeTmp/CheckSymbolExists.cxx
/home/alexfeng2000/Desktop/tesroomba/build/CMakeFiles/CMakeTmp/CheckSymbolExists.cxx: In function ‘int main(int, char**)’:
/home/alexfeng2000/Desktop/tesroomba/build/CMakeFiles/CMakeTmp/CheckSymbolExists.cxx:8:19: error: ‘Q_WS_MAC’ was not declared in this scope
   return ((int*)(&Q_WS_MAC))[argc];
                   ^
CMakeFiles/cmTC_4e756.dir/build.make:65: recipe for target 'CMakeFiles/cmTC_4e756.dir/CheckSymbolExists.cxx.o' failed
make[1]: *** [CMakeFiles/cmTC_4e756.dir/CheckSymbolExists.cxx.o] Error 1
make[1]: Leaving directory '/home/alexfeng2000/Desktop/tesroomba/build/CMakeFiles/CMakeTmp'
Makefile:126: recipe for target 'cmTC_4e756/fast' failed
make: *** [cmTC_4e756/fast] Error 2

File /home/alexfeng2000/Desktop/tesroomba/build/CMakeFiles/CMakeTmp/CheckSymbolExists.cxx:
/* */
#include <QtCore/qglobal.h>

int main(int argc, char** argv)
{
  (void)argv;
#ifndef Q_WS_MAC
  return ((int*)(&Q_WS_MAC))[argc];
#else
  (void)argc;
  return 0;
#endif
}

